<?xml version="1.0" encoding="UTF-8"?>
<!-- Generated by org.testng.reporters.JUnitXMLReporter -->
<testsuite ignored="0" hostname="DESKTOP-VHD75M3" failures="0" tests="4" name="Test" time="7.66" errors="0" timestamp="2023-05-23T18:32:52 IST">
  <testcase classname="testClassPackage.Post_tc_4" name="execute" time="4.748"/>
  <testcase classname="testClassPackage.Post_tc_3" name="execute" time="0.944"/>
  <testcase classname="testClassPackage.Post_tc_2" name="execute" time="0.919"/>
  <testcase classname="testClassPackage.Post_tc_1" name="execute" time="0.858"/>
</testsuite> <!-- Test -->
